Arguments: 
  /Users/tom/.nvm/versions/node/v8.9.4/bin/node /Users/tom/.nvm/versions/node/v8.9.4/bin/yarn all

PATH: 
  /usr/local/opt/postgresql@9.6/bin:/usr/local/opt/postgresql@9.6/bin:/usr/local/go/bin:/usr/local/go/bin:/Users/tom/.nvm/versions/node/v8.9.4/bin:/usr/local/bin:/usr/local/bin:/usr/bin:/bin:/usr/sbin:/sbin:/usr/local/jamf/bin

Yarn version: 
  1.5.1

Node version: 
  8.9.4

Platform: 
  darwin x64

npm manifest: 
  {
      "scripts": {
          "all": "node replace.js background && node replace.js flexbox && node replace.js height && node replace.js hide && node replace.js layout && node replace.js margin && node replace.js padding && node replace.js type && node replace.js width"
      },
      "dependencies": {
          "replace": "^1.0.0"
      }
  }

yarn manifest: 
  No manifest

Lockfile: 
  # THIS IS AN AUTOGENERATED FILE. DO NOT EDIT THIS FILE DIRECTLY.
  # yarn lockfile v1
  
  
  ansi-styles@~1.0.0:
    version "1.0.0"
    resolved "https://production-npm.thumbtack.com/ansi-styles/-/ansi-styles-1.0.0/cb102df1c56f5123eab8b67cd7b98027a0279178.tgz#cb102df1c56f5123eab8b67cd7b98027a0279178"
  
  balanced-match@^1.0.0:
    version "1.0.0"
    resolved "https://production-npm.thumbtack.com/balanced-match/-/balanced-match-1.0.0/89b4d199ab2bee49de164ea02b89ce462d71b767.tgz#89b4d199ab2bee49de164ea02b89ce462d71b767"
  
  brace-expansion@^1.1.7:
    version "1.1.11"
    resolved "https://production-npm.thumbtack.com/brace-expansion/-/brace-expansion-1.1.11/3c7fcbf529d87226f3d2f52b966ff5271eb441dd.tgz#3c7fcbf529d87226f3d2f52b966ff5271eb441dd"
    dependencies:
      balanced-match "^1.0.0"
      concat-map "0.0.1"
  
  chalk@~0.4.0:
    version "0.4.0"
    resolved "https://production-npm.thumbtack.com/chalk/-/chalk-0.4.0/5199a3ddcd0c1efe23bc08c1b027b06176e0c64f.tgz#5199a3ddcd0c1efe23bc08c1b027b06176e0c64f"
    dependencies:
      ansi-styles "~1.0.0"
      has-color "~0.1.0"
      strip-ansi "~0.1.0"
  
  colors@1.2.4:
    version "1.2.4"
    resolved "https://production-npm.thumbtack.com/colors/-/colors-1.2.4/e0cb41d3e4b20806b3bfc27f4559f01b94bc2f7c.tgz#e0cb41d3e4b20806b3bfc27f4559f01b94bc2f7c"
  
  concat-map@0.0.1:
    version "0.0.1"
    resolved "https://production-npm.thumbtack.com/concat-map/-/concat-map-0.0.1/d8a96bd77fd68df7793a73036a3ba0d5405d477b.tgz#d8a96bd77fd68df7793a73036a3ba0d5405d477b"
  
  has-color@~0.1.0:
    version "0.1.7"
    resolved "https://production-npm.thumbtack.com/has-color/-/has-color-0.1.7/67144a5260c34fc3cca677d041daf52fe7b78b2f.tgz#67144a5260c34fc3cca677d041daf52fe7b78b2f"
  
  minimatch@3.0.4:
    version "3.0.4"
    resolved "https://production-npm.thumbtack.com/minimatch/-/minimatch-3.0.4/5166e286457f03306064be5497e8dbb0c3d32083.tgz#5166e286457f03306064be5497e8dbb0c3d32083"
    dependencies:
      brace-expansion "^1.1.7"
  
  nomnom@1.8.1:
    version "1.8.1"
    resolved "https://production-npm.thumbtack.com/nomnom/-/nomnom-1.8.1/2151f722472ba79e50a76fc125bb8c8f2e4dc2a7.tgz#2151f722472ba79e50a76fc125bb8c8f2e4dc2a7"
    dependencies:
      chalk "~0.4.0"
      underscore "~1.6.0"
  
  replace@^1.0.0:
    version "1.0.0"
    resolved "https://production-npm.thumbtack.com/replace/-/replace-1.0.0/da5235cc6d64d5c3a74e4ef73b487aad0f79a74b.tgz#da5235cc6d64d5c3a74e4ef73b487aad0f79a74b"
    dependencies:
      colors "1.2.4"
      minimatch "3.0.4"
      nomnom "1.8.1"
  
  strip-ansi@~0.1.0:
    version "0.1.1"
    resolved "https://production-npm.thumbtack.com/strip-ansi/-/strip-ansi-0.1.1/39e8a98d044d150660abe4a6808acf70bb7bc991.tgz#39e8a98d044d150660abe4a6808acf70bb7bc991"
  
  underscore@~1.6.0:
    version "1.6.0"
    resolved "https://production-npm.thumbtack.com/underscore/-/underscore-1.6.0/8b38b10cacdef63337b8b24e4ff86d45aea529a8.tgz#8b38b10cacdef63337b8b24e4ff86d45aea529a8"

Trace: 
  Error: Command failed.
  Exit code: 1
  Command: sh
  Arguments: -c node replace.js background && node replace.js flexbox && node replace.js height && node replace.js hide && node replace.js layout && node replace.js margin && node replace.js padding && node replace.js type && node replace.js width
  Directory: /Users/tom/Sites/find-and-replace
  Output:
  
      at ProcessTermError.MessageError (/Users/tom/.nvm/versions/node/v8.9.4/lib/node_modules/yarn/lib/cli.js:186:110)
      at new ProcessTermError (/Users/tom/.nvm/versions/node/v8.9.4/lib/node_modules/yarn/lib/cli.js:226:113)
      at ChildProcess.<anonymous> (/Users/tom/.nvm/versions/node/v8.9.4/lib/node_modules/yarn/lib/cli.js:30281:17)
      at emitTwo (events.js:126:13)
      at ChildProcess.emit (events.js:214:7)
      at maybeClose (internal/child_process.js:925:16)
      at Process.ChildProcess._handle.onexit (internal/child_process.js:209:5)
